 [2018-06-22 10:20:08,366] - [wang_logging.py] - INFO:测试开始
[2018-06-22 10:20:12,478] - [wang_logging.py] - INFO:微信登录
[2018-06-22 10:20:12,478] - [wang_logging.py] - INFO:跳转随身易个人中心
[2018-06-22 10:20:30,916] - [wang_logging.py] - INFO:随身易登录成功
[2018-06-22 10:20:44,308] - [wang_logging.py] - INFO:手机号：13391387841，初始佣金：¥ 0 
总佣金
[2018-06-22 10:20:55,812] - [wang_logging.py] - INFO:手机号：13391387841，初始积分：257050 
总易豆
[2018-06-22 10:21:57,260] - [wang_logging.py] - INFO:进入个人中心
[2018-06-22 10:22:05,549] - [wang_logging.py] - INFO:随身易解绑成功
[2018-06-22 10:22:09,750] - [wang_logging.py] - INFO:微信登录
[2018-06-22 10:22:09,751] - [wang_logging.py] - INFO:跳转随身易个人中心
[2018-06-22 10:22:27,956] - [wang_logging.py] - INFO:随身易登录成功
[2018-06-22 10:22:42,578] - [wang_logging.py] - INFO:手机号：13391387840，初始佣金：¥ 1780.88 
总佣金
[2018-06-22 10:22:54,709] - [wang_logging.py] - INFO:手机号：13391387840，初始积分：55100 
总易豆
[2018-06-22 10:24:00,963] - [wang_logging.py] - INFO:进入个人中心
[2018-06-22 10:24:09,046] - [wang_logging.py] - INFO:随身易解绑成功
[2018-06-22 10:24:13,116] - [wang_logging.py] - INFO:微信登录
[2018-06-22 10:24:13,118] - [wang_logging.py] - INFO:跳转随身易个人中心
[2018-06-22 10:24:30,573] - [wang_logging.py] - INFO:随身易登录成功
[2018-06-22 10:24:44,666] - [wang_logging.py] - INFO:手机号：13391387842，初始佣金：¥ 0 
总佣金
[2018-06-22 10:24:57,259] - [wang_logging.py] - INFO:手机号：13391387842，初始积分：211550 
总易豆
[2018-06-22 10:25:57,907] - [wang_logging.py] - INFO:进入个人中心
[2018-06-22 10:26:05,948] - [wang_logging.py] - INFO:随身易解绑成功
[2018-06-22 10:26:10,080] - [wang_logging.py] - INFO:微信登录
[2018-06-22 10:26:10,082] - [wang_logging.py] - INFO:跳转随身易个人中心
[2018-06-22 10:26:26,021] - [wang_logging.py] - INFO:随身易登录成功
[2018-06-22 10:26:40,236] - [wang_logging.py] - INFO:手机号：13391387843，初始佣金：¥ 0 
总佣金
[2018-06-22 10:26:51,871] - [wang_logging.py] - INFO:手机号：13391387843，初始积分：97800 
总易豆
[2018-06-22 10:27:54,349] - [wang_logging.py] - INFO:进入个人中心
[2018-06-22 10:28:02,598] - [wang_logging.py] - INFO:随身易解绑成功
[2018-06-22 10:28:03,916] - [wang_logging.py] - INFO:测试结束
